Arguments: 
  C:\Program Files\nodejs\node.exe C:\Users\Hallo\AppData\Roaming\npm\node_modules\yarn\bin\yarn.js add no-lockfile true

PATH: 
  C:\Windows\system32;C:\Windows;C:\Windows\System32\Wbem;C:\Windows\System32\WindowsPowerShell\v1.0\;C:\Windows\System32\OpenSSH\;C:\xampp\php;C:\ProgramData\ComposerSetup\bin;C:\Users\Hallo\AppData\Roaming\nvm;C:\Program Files\nodejs;C:\Program Files\Git\cmd;C:\Program Files\nodejs\;C:\Program Files\MongoDB\Server\6.0\bin;C:\mongosh-1.8.0\mongosh-1.8.0-win32-x64\bin;C:\Users\Hallo\AppData\Local\Microsoft\WindowsApps;C:\Users\Hallo\AppData\Roaming\Composer\vendor\bin;C:\Users\Hallo\AppData\Local\Programs\Microsoft VS Code\bin;C:\Users\Hallo\AppData\Roaming\npm;C:\Program Files\MongoDB\Server\4.4\bin;C:\Users\Hallo\AppData\Local\GitHubDesktop\bin

Yarn version: 
  1.22.19

Node version: 
  18.14.2

Platform: 
  win32 x64

Trace: 
  Error: https://registry.yarnpkg.com/no-lockfile: Not found
      at params.callback [as _callback] (C:\Users\Hallo\AppData\Roaming\npm\node_modules\yarn\lib\cli.js:66145:18)
      at self.callback (C:\Users\Hallo\AppData\Roaming\npm\node_modules\yarn\lib\cli.js:140890:22)
      at Request.emit (node:events:513:28)
      at Request.<anonymous> (C:\Users\Hallo\AppData\Roaming\npm\node_modules\yarn\lib\cli.js:141862:10)
      at Request.emit (node:events:513:28)
      at IncomingMessage.<anonymous> (C:\Users\Hallo\AppData\Roaming\npm\node_modules\yarn\lib\cli.js:141784:12)
      at Object.onceWrapper (node:events:627:28)
      at IncomingMessage.emit (node:events:525:35)
      at endReadableNT (node:internal/streams/readable:1359:12)
      at process.processTicksAndRejections (node:internal/process/task_queues:82:21)

npm manifest: 
  {
    "name": "server",
    "version": "1.0.0",
    "description": "",
    "main": "app.js",
    "scripts": {
      "test": "echo \"Error: no test specified\" && exit 1",
      "start": "node app.js"
    },
    "keywords": [],
    "author": "",
    "license": "ISC",
    "dependencies": {
      "axios": "^1.4.0",
      "bcryptjs": "^2.4.3",
      "cors": "^2.8.5",
      "dotenv": "^16.1.4",
      "express": "^4.18.2",
      "moment": "^2.29.4",
      "mongoose": "^7.2.4",
      "multer": "^1.4.5-lts.1",
      "nodemon": "^2.0.22"
    }
  }

yarn manifest: 
  No manifest

Lockfile: 
  No lockfile
